#! /opt/homebrew/Cellar/icarus-verilog/13.0/bin/vvp
:ivl_version "13.0 (stable)" "(v13_0)";
:ivl_delay_selection "TYPICAL";
:vpi_time_precision + 0;
:vpi_module "/opt/homebrew/Cellar/icarus-verilog/13.0/lib/ivl/system.vpi";
:vpi_module "/opt/homebrew/Cellar/icarus-verilog/13.0/lib/ivl/vhdl_sys.vpi";
:vpi_module "/opt/homebrew/Cellar/icarus-verilog/13.0/lib/ivl/vhdl_textio.vpi";
:vpi_module "/opt/homebrew/Cellar/icarus-verilog/13.0/lib/ivl/v2005_math.vpi";
:vpi_module "/opt/homebrew/Cellar/icarus-verilog/13.0/lib/ivl/va_math.vpi";
:vpi_module "/opt/homebrew/Cellar/icarus-verilog/13.0/lib/ivl/v2009.vpi";
S_0x12c707000 .scope package, "$unit" "$unit" 2 1;
 .timescale 0 0;
S_0x12c70a450 .scope package, "cpu_pkg" "cpu_pkg" 3 13;
 .timescale 0 0;
P_0x12c70a5c0 .param/l "OPCODE_BRANCH" 0 3 20, C4<1100011>;
P_0x12c70a600 .param/l "OPCODE_I_ALU" 0 3 17, C4<0010011>;
P_0x12c70a640 .param/l "OPCODE_JAL" 0 3 21, C4<1101111>;
P_0x12c70a680 .param/l "OPCODE_JALR" 0 3 22, C4<1100111>;
P_0x12c70a6c0 .param/l "OPCODE_LOAD" 0 3 18, C4<0000011>;
P_0x12c70a700 .param/l "OPCODE_LUI" 0 3 23, C4<0110111>;
P_0x12c70a740 .param/l "OPCODE_R" 0 3 16, C4<0110011>;
P_0x12c70a780 .param/l "OPCODE_SW" 0 3 19, C4<0100011>;
enum0x12c708980 .enum4 (3)
   "ADD_SUB_FUNCT3" 3'b000,
   "AND_FUNCT3" 3'b111,
   "OR_FUNCT3" 3'b110,
   "XOR_FUNCT3" 3'b100,
   "SLT_FUNCT3" 3'b010
 ;
enum0x12c7090b0 .enum4 (3)
   "NEXTPC" 3'b000,
   "ALU_PC_RESULT" 3'b001,
   "OFFSET" 3'b010,
   "ALU_PC_RESULT_JALR" 3'b011,
   "NOP_PC" 3'b100
 ;
S_0x12c70a940 .scope module, "Fetch" "Fetch" 4 3;
 .timescale 0 0;
    .port_info 0 /INPUT 1 "clk";
    .port_info 1 /INPUT 1 "reset";
    .port_info 2 /INPUT 1 "stall_in";
    .port_info 3 /INPUT 3 "pc_mux_in";
o0x130050010 .functor BUFZ 1, c4<z>; HiZ drive
v0x12c70ab30_0 .net "clk", 0 0, o0x130050010;  0 drivers
o0x130050040 .functor BUFZ 3, c4<zzz>; HiZ drive
v0x12c71ab60_0 .net "pc_mux_in", 2 0, o0x130050040;  0 drivers
o0x130050070 .functor BUFZ 1, c4<z>; HiZ drive
v0x12c71ac10_0 .net "reset", 0 0, o0x130050070;  0 drivers
o0x1300500a0 .functor BUFZ 1, c4<z>; HiZ drive
v0x12c71acc0_0 .net "stall_in", 0 0, o0x1300500a0;  0 drivers
# The file index is used to find the file name in the following table.
:file_names 5;
    "N/A";
    "<interactive>";
    "-";
    "cpu_pkg.sv";
    "Fetch.sv";
